<?xml version="1.0" encoding="UTF-8"?>
<!-- Generated by org.testng.reporters.JUnitReportReporter -->
<testsuite skipped="0" hostname="LAPTOP-GGAS7HNH" name="test.testsuite.NewTest1" tests="1" failures="0" timestamp="05 Oct 2017 20:31:21 GMT" time="18.451" errors="0">
  <testcase name="Testcase1" time="18.451" classname="test.testsuite.NewTest1"/>
</testsuite> <!-- test.testsuite.NewTest1 -->
