<?xml version="1.0" encoding="UTF-8"?>
<!-- Generated by org.testng.reporters.JUnitReportReporter -->
<testsuite skipped="0" hostname="LAPTOP-GGAS7HNH" name="test.functions.LoginTest" tests="1" failures="0" timestamp="31 Aug 2017 02:09:26 GMT" time="0.093" errors="0">
  <testcase name="loginValid" time="0.093" classname="test.functions.LoginTest"/>
</testsuite> <!-- test.functions.LoginTest -->
