<?xml version="1.0" encoding="UTF-8"?>
<!-- Generated by org.testng.reporters.JUnitReportReporter -->
<testsuite skipped="0" hostname="LAPTOP-GGAS7HNH" name="test.testsuite.AutomationTestsuite" tests="1" failures="0" timestamp="04 Sep 2017 17:28:14 GMT" time="0.004" errors="0">
  <testcase name="f" time="0.004" classname="test.testsuite.AutomationTestsuite"/>
</testsuite> <!-- test.testsuite.AutomationTestsuite -->
