<?xml version="1.0" encoding="UTF-8"?>
<!-- Generated by org.testng.reporters.JUnitReportReporter -->
<testsuite skipped="0" hostname="LAPTOP-GGAS7HNH" name="test.testsuite.NewTest1" tests="1" failures="0" timestamp="14 Sep 2017 14:58:39 GMT" time="15.577" errors="0">
  <testcase name="Testcase1" time="15.577" classname="test.testsuite.NewTest1"/>
</testsuite> <!-- test.testsuite.NewTest1 -->
