<?xml version="1.0" encoding="UTF-8"?>
<!-- Generated by org.testng.reporters.JUnitReportReporter -->
<testsuite skipped="0" hostname="LAPTOP-GGAS7HNH" name="test.testsuite.TestGuru99MultipleSessions" tests="3" failures="0" timestamp="05 Oct 2017 20:31:21 GMT" time="10.094" errors="0">
  <testcase name="executSessionOne" time="2.576" classname="test.testsuite.TestGuru99MultipleSessions"/>
  <testcase name="executeSessionTwo" time="2.841" classname="test.testsuite.TestGuru99MultipleSessions"/>
  <testcase name="executSessionThree" time="4.677" classname="test.testsuite.TestGuru99MultipleSessions"/>
</testsuite> <!-- test.testsuite.TestGuru99MultipleSessions -->
