<?xml version="1.0" encoding="UTF-8"?>
<!-- Generated by org.testng.reporters.JUnitReportReporter -->
<testsuite skipped="0" hostname="LAPTOP-GGAS7HNH" name="test.testsuite.TestGuru99MultipleSessions" tests="3" failures="0" timestamp="14 Sep 2017 14:58:39 GMT" time="10.121" errors="0">
  <testcase name="executeSessionTwo" time="3.084" classname="test.testsuite.TestGuru99MultipleSessions"/>
  <testcase name="executSessionThree" time="4.434" classname="test.testsuite.TestGuru99MultipleSessions"/>
  <testcase name="executSessionOne" time="2.603" classname="test.testsuite.TestGuru99MultipleSessions"/>
</testsuite> <!-- test.testsuite.TestGuru99MultipleSessions -->
