<?xml version="1.0" encoding="UTF-8"?>
<!-- Generated by org.testng.reporters.JUnitReportReporter -->
<testsuite skipped="0" hostname="LAPTOP-GGAS7HNH" name="test.testsuite.TestGuru99MultipleSessions" tests="3" failures="0" timestamp="20 Sep 2017 22:42:22 GMT" time="12.487" errors="0">
  <testcase name="executeSessionTwo" time="3.020" classname="test.testsuite.TestGuru99MultipleSessions"/>
  <testcase name="executSessionThree" time="4.849" classname="test.testsuite.TestGuru99MultipleSessions"/>
  <testcase name="executSessionOne" time="4.618" classname="test.testsuite.TestGuru99MultipleSessions"/>
</testsuite> <!-- test.testsuite.TestGuru99MultipleSessions -->
