<?xml version="1.0" encoding="UTF-8"?>
<!-- Generated by org.testng.reporters.JUnitReportReporter -->
<testsuite skipped="0" hostname="LAPTOP-GGAS7HNH" name="test.testsuite.TestGuru99MultipleSessions" tests="3" failures="0" timestamp="05 Oct 2017 20:04:59 GMT" time="17.610" errors="0">
  <testcase name="executeSessionTwo" time="2.621" classname="test.testsuite.TestGuru99MultipleSessions"/>
  <testcase name="executSessionThree" time="11.342" classname="test.testsuite.TestGuru99MultipleSessions"/>
  <testcase name="executSessionOne" time="3.647" classname="test.testsuite.TestGuru99MultipleSessions"/>
</testsuite> <!-- test.testsuite.TestGuru99MultipleSessions -->
